<?xml version="1.0" encoding="UTF-8" ?>
<testsuite tests="29" failures="0" name="com.Unit_Test.Junit.TestSurefire" time="0.03" errors="0" skipped="0">
  <properties>
[...]
</properties>
  <testcase classname="com.Unit_Test.Junit.TestSurefire" name="test_setPickupcity" time="0.006"/>
  <testcase classname="com.Unit_Test.Junit.TestSurefire" name="test_getCity" time="0.002"/>
  <testcase classname="com.Unit_Test.Junit.TestSurefire" name="test_getName" time="0.006"/>
  <testcase classname="com.Unit_Test.Junit.TestSurefire" name="test_getDatevalue" time="0.003"/>
  <testcase classname="com.Unit_Test.Junit.TestSurefire" name="test_getMinutevalue" time="0"/>
  <testcase classname="com.Unit_Test.Junit.TestSurefire" name="test_getZip" time="0"/>
  <testcase classname="com.Unit_Test.Junit.TestSurefire" name="test_getstd" time="0.003"/>
  <testcase classname="com.Unit_Test.Junit.TestSurefire" name="test_setZip" time="0.005"/>
  <testcase classname="com.Unit_Test.Junit.TestSurefire" name="test_setstd" time="0"/>
  <testcase classname="com.Unit_Test.Junit.TestSurefire" name="test_getTelephone" time="0.001"/>
  <testcase classname="com.Unit_Test.Junit.TestSurefire" name="test_getHourvalue" time="0"/>
  <testcase classname="com.Unit_Test.Junit.TestSurefire" name="test_setVehicleType" time="0"/>
  <testcase classname="com.Unit_Test.Junit.TestSurefire" name="test_setEmail" time="0"/>
  <testcase classname="com.Unit_Test.Junit.TestSurefire" name="test_setDatevalue" time="0"/>
  <testcase classname="com.Unit_Test.Junit.TestSurefire" name="test_setStreet" time="0"/>
  <testcase classname="com.Unit_Test.Junit.TestSurefire" name="test_setCity" time="0.001"/>
  <testcase classname="com.Unit_Test.Junit.TestSurefire" name="test_setName" time="0"/>
  <testcase classname="com.Unit_Test.Junit.TestSurefire" name="test_getEmail" time="0.001"/>
  <testcase classname="com.Unit_Test.Junit.TestSurefire" name="test_getStreet" time="0"/>
  <testcase classname="com.Unit_Test.Junit.TestSurefire" name="test_setTelephone" time="0"/>
  <testcase classname="com.Unit_Test.Junit.TestSurefire" name="test_setHourvalue" time="0"/>
  <testcase classname="com.Unit_Test.Junit.TestSurefire" name="test_setDropcity" time="0.001"/>
  <testcase classname="com.Unit_Test.Junit.TestSurefire" name="test_setMinutevalue" time="0"/>
  <testcase classname="com.Unit_Test.Junit.TestSurefire" name="test_getVehicleType" time="0"/>
  <testcase classname="com.Unit_Test.Junit.TestSurefire" name="test_getDropcity" time="0"/>
  <testcase classname="com.Unit_Test.Junit.TestSurefire" name="test_getPickupcity" time="0.001"/>
  <testcase classname="com.Unit_Test.Junit.TestSurefire" name="test_Order" time="0"/>
  <testcase classname="com.Unit_Test.Junit.TestSurefire" name="test_getId" time="0"/>
  <testcase classname="com.Unit_Test.Junit.TestSurefire" name="test_setId" time="0"/>
</testsuite>